{"/Users/Romain/Code/formations/js/src/utils.js": {"path":"/Users/Romain/Code/formations/js/src/utils.js","statementMap":{"0":{"start":{"line":2,"column":2},"end":{"line":2,"column":46}}},"fnMap":{"0":{"name":"isTweetFr","decl":{"start":{"line":1,"column":16},"end":{"line":1,"column":25}},"loc":{"start":{"line":1,"column":36},"end":{"line":3,"column":1}},"line":1}},"branchMap":{"0":{"loc":{"start":{"line":2,"column":9},"end":{"line":2,"column":45}},"type":"cond-expr","locations":[{"start":{"line":2,"column":16},"end":{"line":2,"column":37}},{"start":{"line":2,"column":40},"end":{"line":2,"column":45}}],"line":2}},"s":{"0":4},"f":{"0":4},"b":{"0":[3,1]},"_coverageSchema":"43e27e138ebf9cfc5966b082cf9a028302ed4184","hash":"b53d9f5f03ae31e78ddfab2b8c3e97e48457565c"}
}
